<?xml version="1.0" encoding="UTF-8"?>
<!-- Generated by org.testng.reporters.JUnitXMLReporter -->
<testsuite hostname="LAPTOP-5CL0AGDB" ignored="48" name="Happy Path Admin testing" tests="24" failures="0" timestamp="28 Feb 2021 12:05:58 GMT" time="0.053" errors="0">
  <testcase name="@BeforeSuite setupSuite" time="0.0" classname="accelerators.Base">
    <failure type="org.openqa.selenium.WebDriverException" message="unknown error: cannot find Chrome binary
Build info: version: &amp;apos;3.12.0&amp;apos;, revision: &amp;apos;7c6e0b3&amp;apos;, time: &amp;apos;2018-05-08T14:04:26.12Z&amp;apos;
System info: host: &amp;apos;LAPTOP-5CL0AGDB&amp;apos;, ip: &amp;apos;192.168.1.12&amp;apos;, os.name: &amp;apos;Windows 10&amp;apos;, os.arch: &amp;apos;amd64&amp;apos;, os.version: &amp;apos;10.0&amp;apos;, java.version: &amp;apos;1.8.0_261&amp;apos;
Driver info: driver.version: ChromeDriver
remote stacktrace: Backtrace:
	Ordinal0 [0x00937DF3+1474035]
	Ordinal0 [0x008B07D1+919505]
	Ordinal0 [0x0084CB43+510787]
	Ordinal0 [0x007DDDE9+56809]
	Ordinal0 [0x00800CE4+199908]
	Ordinal0 [0x0080069D+198301]
	Ordinal0 [0x007FEECB+192203]
	Ordinal0 [0x007E5FF6+90102]
	Ordinal0 [0x007E765A+95834]
	Ordinal0 [0x007E7554+95572]
	GetHandleVerifier [0x00A9231C+1249612]
	GetHandleVerifier [0x009E1575+525221]
	GetHandleVerifier [0x009E1310+524608]
	Ordinal0 [0x00945D28+1531176]
	GetHandleVerifier [0x009E1D4A+527226]
	Ordinal0 [0x008C75F6+1013238]
	Ordinal0 [0x008C746F+1012847]
	Ordinal0 [0x008D365B+1062491]
	Ordinal0 [0x008D379F+1062815]
	Ordinal0 [0x008D2745+1058629]
	BaseThreadInitThunk [0x75106359+25]
	RtlGetAppContainerNamedObjectPath [0x77608944+228]
	RtlGetAppContainerNamedObjectPath [0x77608914+180]
">
      <![CDATA[org.openqa.selenium.WebDriverException: unknown error: cannot find Chrome binary
Build info: version: '3.12.0', revision: '7c6e0b3', time: '2018-05-08T14:04:26.12Z'
System info: host: 'LAPTOP-5CL0AGDB', ip: '192.168.1.12', os.name: 'Windows 10', os.arch: 'amd64', os.version: '10.0', java.version: '1.8.0_261'
Driver info: driver.version: ChromeDriver
remote stacktrace: Backtrace:
	Ordinal0 [0x00937DF3+1474035]
	Ordinal0 [0x008B07D1+919505]
	Ordinal0 [0x0084CB43+510787]
	Ordinal0 [0x007DDDE9+56809]
	Ordinal0 [0x00800CE4+199908]
	Ordinal0 [0x0080069D+198301]
	Ordinal0 [0x007FEECB+192203]
	Ordinal0 [0x007E5FF6+90102]
	Ordinal0 [0x007E765A+95834]
	Ordinal0 [0x007E7554+95572]
	GetHandleVerifier [0x00A9231C+1249612]
	GetHandleVerifier [0x009E1575+525221]
	GetHandleVerifier [0x009E1310+524608]
	Ordinal0 [0x00945D28+1531176]
	GetHandleVerifier [0x009E1D4A+527226]
	Ordinal0 [0x008C75F6+1013238]
	Ordinal0 [0x008C746F+1012847]
	Ordinal0 [0x008D365B+1062491]
	Ordinal0 [0x008D379F+1062815]
	Ordinal0 [0x008D2745+1058629]
	BaseThreadInitThunk [0x75106359+25]
	RtlGetAppContainerNamedObjectPath [0x77608944+228]
	RtlGetAppContainerNamedObjectPath [0x77608914+180]

	at org.openqa.selenium.remote.W3CHandshakeResponse.lambda$new$0(W3CHandshakeResponse.java:57)
	at org.openqa.selenium.remote.W3CHandshakeResponse.lambda$getResponseFunction$2(W3CHandshakeResponse.java:104)
	at org.openqa.selenium.remote.ProtocolHandshake.lambda$createSession$0(ProtocolHandshake.java:123)
	at java.util.stream.ReferencePipeline$3$1.accept(Unknown Source)
	at java.util.Spliterators$ArraySpliterator.tryAdvance(Unknown Source)
	at java.util.stream.ReferencePipeline.forEachWithCancel(Unknown Source)
	at java.util.stream.AbstractPipeline.copyIntoWithCancel(Unknown Source)
	at java.util.stream.AbstractPipeline.copyInto(Unknown Source)
	at java.util.stream.AbstractPipeline.wrapAndCopyInto(Unknown Source)
	at java.util.stream.FindOps$FindOp.evaluateSequential(Unknown Source)
	at java.util.stream.AbstractPipeline.evaluate(Unknown Source)
	at java.util.stream.ReferencePipeline.findFirst(Unknown Source)
	at org.openqa.selenium.remote.ProtocolHandshake.createSession(ProtocolHandshake.java:126)
	at org.openqa.selenium.remote.ProtocolHandshake.createSession(ProtocolHandshake.java:73)
	at org.openqa.selenium.remote.HttpCommandExecutor.execute(HttpCommandExecutor.java:136)
	at org.openqa.selenium.remote.service.DriverCommandExecutor.execute(DriverCommandExecutor.java:83)
	at org.openqa.selenium.remote.RemoteWebDriver.execute(RemoteWebDriver.java:543)
	at org.openqa.selenium.remote.RemoteWebDriver.startSession(RemoteWebDriver.java:207)
	at org.openqa.selenium.remote.RemoteWebDriver.<init>(RemoteWebDriver.java:130)
	at org.openqa.selenium.chrome.ChromeDriver.<init>(ChromeDriver.java:181)
	at org.openqa.selenium.chrome.ChromeDriver.<init>(ChromeDriver.java:168)
	at org.openqa.selenium.chrome.ChromeDriver.<init>(ChromeDriver.java:157)
	at accelerators.Base.setupSuite(Base.java:68)
... Removed 23 stack frames]]>
    </failure>
  </testcase> <!-- @BeforeSuite setupSuite -->
  <testcase name="TC_A_1" time="0.0" classname="HappyPathTesting.admin">
    <skipped/>
  </testcase> <!-- TC_A_1 -->
  <testcase name="TC_EU_1" time="0.0" classname="HappyPathTesting.existingUsers">
    <skipped/>
  </testcase> <!-- TC_EU_1 -->
  <testcase name="TC_NU_1" time="0.0" classname="HappyPathTesting.newUsers">
    <skipped/>
  </testcase> <!-- TC_NU_1 -->
  <testcase name="TC_A_2" time="0.0" classname="HappyPathTesting.admin">
    <skipped/>
  </testcase> <!-- TC_A_2 -->
  <testcase name="TC_EU_2" time="0.0" classname="HappyPathTesting.existingUsers">
    <skipped/>
  </testcase> <!-- TC_EU_2 -->
  <testcase name="TC_NU_2" time="0.0" classname="HappyPathTesting.newUsers">
    <skipped/>
  </testcase> <!-- TC_NU_2 -->
  <testcase name="TC_A_3" time="0.0" classname="HappyPathTesting.admin">
    <skipped/>
  </testcase> <!-- TC_A_3 -->
  <testcase name="TC_EU_3" time="0.0" classname="HappyPathTesting.existingUsers">
    <skipped/>
  </testcase> <!-- TC_EU_3 -->
  <testcase name="TC_NU_3" time="0.0" classname="HappyPathTesting.newUsers">
    <skipped/>
  </testcase> <!-- TC_NU_3 -->
  <testcase name="TC_A_4" time="0.0" classname="HappyPathTesting.admin">
    <skipped/>
  </testcase> <!-- TC_A_4 -->
  <testcase name="TC_EU_4" time="0.0" classname="HappyPathTesting.existingUsers">
    <skipped/>
  </testcase> <!-- TC_EU_4 -->
  <testcase name="TC_NU_4" time="0.0" classname="HappyPathTesting.newUsers">
    <skipped/>
  </testcase> <!-- TC_NU_4 -->
  <testcase name="TC_A_5" time="0.0" classname="HappyPathTesting.admin">
    <skipped/>
  </testcase> <!-- TC_A_5 -->
  <testcase name="TC_EU_5" time="0.0" classname="HappyPathTesting.existingUsers">
    <skipped/>
  </testcase> <!-- TC_EU_5 -->
  <testcase name="TC_A_6" time="0.0" classname="HappyPathTesting.admin">
    <skipped/>
  </testcase> <!-- TC_A_6 -->
  <testcase name="TC_EU_6" time="0.001" classname="HappyPathTesting.existingUsers">
    <skipped/>
  </testcase> <!-- TC_EU_6 -->
  <testcase name="TC_A_7" time="0.0" classname="HappyPathTesting.admin">
    <skipped/>
  </testcase> <!-- TC_A_7 -->
  <testcase name="TC_EU_7" time="0.0" classname="HappyPathTesting.existingUsers">
    <skipped/>
  </testcase> <!-- TC_EU_7 -->
  <testcase name="TC_A_8" time="0.001" classname="HappyPathTesting.admin">
    <skipped/>
  </testcase> <!-- TC_A_8 -->
  <testcase name="TC_EU_8" time="0.0" classname="HappyPathTesting.existingUsers">
    <skipped/>
  </testcase> <!-- TC_EU_8 -->
  <testcase name="TC_A_9" time="0.0" classname="HappyPathTesting.admin">
    <skipped/>
  </testcase> <!-- TC_A_9 -->
  <testcase name="TC_EU_9" time="0.0" classname="HappyPathTesting.existingUsers">
    <skipped/>
  </testcase> <!-- TC_EU_9 -->
  <testcase name="TC_A_10" time="0.001" classname="HappyPathTesting.admin">
    <skipped/>
  </testcase> <!-- TC_A_10 -->
  <testcase name="TC_EU_10" time="0.0" classname="HappyPathTesting.existingUsers">
    <skipped/>
  </testcase> <!-- TC_EU_10 -->
  <testcase name="TC_17" time="0.0" classname="HappyPathTesting.existingUsers">
    <ignored/>
  </testcase> <!-- TC_17 -->
  <testcase name="TC_18" time="0.0" classname="HappyPathTesting.existingUsers">
    <ignored/>
  </testcase> <!-- TC_18 -->
  <testcase name="TC_15" time="0.0" classname="HappyPathTesting.existingUsers">
    <ignored/>
  </testcase> <!-- TC_15 -->
  <testcase name="TC_14" time="0.0" classname="HappyPathTesting.existingUsers">
    <ignored/>
  </testcase> <!-- TC_14 -->
  <testcase name="TC_33" time="0.0" classname="HappyPathTesting.existingUsers">
    <ignored/>
  </testcase> <!-- TC_33 -->
  <testcase name="TC_26" time="0.0" classname="HappyPathTesting.admin">
    <ignored/>
  </testcase> <!-- TC_26 -->
  <testcase name="TC_6" time="0.0" classname="HappyPathTesting.existingUsers">
    <ignored/>
  </testcase> <!-- TC_6 -->
  <testcase name="TC_27" time="0.0" classname="HappyPathTesting.admin">
    <ignored/>
  </testcase> <!-- TC_27 -->
  <testcase name="TC_28" time="0.0" classname="HappyPathTesting.admin">
    <ignored/>
  </testcase> <!-- TC_28 -->
  <testcase name="TC_29" time="0.0" classname="HappyPathTesting.admin">
    <ignored/>
  </testcase> <!-- TC_29 -->
  <testcase name="TC_22" time="0.0" classname="HappyPathTesting.admin">
    <ignored/>
  </testcase> <!-- TC_22 -->
  <testcase name="TC_23" time="0.0" classname="HappyPathTesting.admin">
    <ignored/>
  </testcase> <!-- TC_23 -->
  <testcase name="TC_24" time="0.0" classname="HappyPathTesting.admin">
    <ignored/>
  </testcase> <!-- TC_24 -->
  <testcase name="TC_19" time="0.0" classname="HappyPathTesting.existingUsers">
    <ignored/>
  </testcase> <!-- TC_19 -->
  <testcase name="TC_14" time="0.0" classname="HappyPathTesting.admin">
    <ignored/>
  </testcase> <!-- TC_14 -->
  <testcase name="@BeforeSuite setupSuite" time="0.0" classname="accelerators.Base">
    <ignored/>
  </testcase> <!-- @BeforeSuite setupSuite -->
  <testcase name="@BeforeSuite setupSuite" time="0.0" classname="accelerators.Base">
    <ignored/>
  </testcase> <!-- @BeforeSuite setupSuite -->
  <testcase name="TC_20" time="0.0" classname="HappyPathTesting.admin">
    <ignored/>
  </testcase> <!-- TC_20 -->
  <testcase name="TC_21" time="0.0" classname="HappyPathTesting.admin">
    <ignored/>
  </testcase> <!-- TC_21 -->
  <testcase name="TC_30" time="0.0" classname="HappyPathTesting.existingUsers">
    <ignored/>
  </testcase> <!-- TC_30 -->
  <testcase name="TC_31" time="0.0" classname="HappyPathTesting.existingUsers">
    <ignored/>
  </testcase> <!-- TC_31 -->
  <testcase name="TC_32" time="0.0" classname="HappyPathTesting.existingUsers">
    <ignored/>
  </testcase> <!-- TC_32 -->
  <testcase name="TC_16" time="0.0" classname="HappyPathTesting.existingUsers">
    <ignored/>
  </testcase> <!-- TC_16 -->
  <testcase name="TC_23" time="0.0" classname="HappyPathTesting.existingUsers">
    <ignored/>
  </testcase> <!-- TC_23 -->
  <testcase name="TC_28" time="0.0" classname="HappyPathTesting.existingUsers">
    <ignored/>
  </testcase> <!-- TC_28 -->
  <testcase name="TC_5" time="0.0" classname="HappyPathTesting.admin">
    <ignored/>
  </testcase> <!-- TC_5 -->
  <testcase name="TC_29" time="0.0" classname="HappyPathTesting.existingUsers">
    <ignored/>
  </testcase> <!-- TC_29 -->
  <testcase name="TC_6" time="0.0" classname="HappyPathTesting.admin">
    <ignored/>
  </testcase> <!-- TC_6 -->
  <testcase name="TC_26" time="0.0" classname="HappyPathTesting.existingUsers">
    <ignored/>
  </testcase> <!-- TC_26 -->
  <testcase name="TC_19" time="0.0" classname="HappyPathTesting.admin">
    <ignored/>
  </testcase> <!-- TC_19 -->
  <testcase name="TC_24" time="0.0" classname="HappyPathTesting.existingUsers">
    <ignored/>
  </testcase> <!-- TC_24 -->
  <testcase name="TC_25" time="0.0" classname="HappyPathTesting.existingUsers">
    <ignored/>
  </testcase> <!-- TC_25 -->
  <testcase name="TC_22" time="0.0" classname="HappyPathTesting.existingUsers">
    <ignored/>
  </testcase> <!-- TC_22 -->
  <testcase name="@AfterSuite tearDown" time="0.0" classname="accelerators.Base">
    <ignored/>
  </testcase> <!-- @AfterSuite tearDown -->
  <testcase name="@AfterSuite tearDown" time="0.0" classname="accelerators.Base">
    <ignored/>
  </testcase> <!-- @AfterSuite tearDown -->
  <testcase name="TC_15" time="0.0" classname="HappyPathTesting.admin">
    <ignored/>
  </testcase> <!-- TC_15 -->
  <testcase name="TC_16" time="0.0" classname="HappyPathTesting.admin">
    <ignored/>
  </testcase> <!-- TC_16 -->
  <testcase name="TC_17" time="0.0" classname="HappyPathTesting.admin">
    <ignored/>
  </testcase> <!-- TC_17 -->
  <testcase name="TC_18" time="0.0" classname="HappyPathTesting.admin">
    <ignored/>
  </testcase> <!-- TC_18 -->
  <testcase name="TC_33" time="0.0" classname="HappyPathTesting.admin">
    <ignored/>
  </testcase> <!-- TC_33 -->
  <testcase name="TC_25" time="0.0" classname="HappyPathTesting.admin">
    <ignored/>
  </testcase> <!-- TC_25 -->
  <testcase name="TC_30" time="0.0" classname="HappyPathTesting.admin">
    <ignored/>
  </testcase> <!-- TC_30 -->
  <testcase name="TC_31" time="0.0" classname="HappyPathTesting.admin">
    <ignored/>
  </testcase> <!-- TC_31 -->
  <testcase name="TC_32" time="0.0" classname="HappyPathTesting.admin">
    <ignored/>
  </testcase> <!-- TC_32 -->
  <testcase name="TC_5" time="0.0" classname="HappyPathTesting.existingUsers">
    <ignored/>
  </testcase> <!-- TC_5 -->
  <testcase name="TC_20" time="0.0" classname="HappyPathTesting.existingUsers">
    <ignored/>
  </testcase> <!-- TC_20 -->
  <testcase name="TC_21" time="0.0" classname="HappyPathTesting.existingUsers">
    <ignored/>
  </testcase> <!-- TC_21 -->
  <testcase name="TC_27" time="0.0" classname="HappyPathTesting.existingUsers">
    <ignored/>
  </testcase> <!-- TC_27 -->
</testsuite> <!-- Happy Path Admin testing -->
