<?xml version="1.0" encoding="UTF-8"?>
<!-- Generated by org.testng.reporters.JUnitXMLReporter -->
<testsuite hostname="LAPTOP-5CL0AGDB" ignored="0" name="New Host, Checking Be a Host, Createnew event and Newhost Onboarding steps" tests="4" failures="1" timestamp="16 Jun 2021 06:04:15 GMT" time="148.821" errors="0">
  <testcase name="TC_New_Guest_1" time="12.708" classname="smokeTesting.newGuestJoin"/>
  <testcase name="TC_New_Guest_2" time="74.952" classname="smokeTesting.newGuestJoin"/>
  <testcase name="TC_New_Guest_3" time="61.071" classname="smokeTesting.newGuestJoin">
    <failure type="org.openqa.selenium.TimeoutException" message="Expected condition failed: waiting for visibility of element located by By.xpath: //div[contains(text(),&amp;apos;Join Event&amp;apos;)] (tried for 15 second(s) with 500 milliseconds interval)">
      <![CDATA[org.openqa.selenium.TimeoutException: Expected condition failed: waiting for visibility of element located by By.xpath: //div[contains(text(),'Join Event')] (tried for 15 second(s) with 500 milliseconds interval)
	at org.openqa.selenium.support.ui.WebDriverWait.timeoutException(WebDriverWait.java:81)
	at org.openqa.selenium.support.ui.FluentWait.until(FluentWait.java:271)
	at accelerators.Actiondrivers.waitForVisibilityOfElement(Actiondrivers.java:269)
	at remoFunctions.onboarding.micaAndCam(onboarding.java:30)
	at smokeTesting.newGuestJoin.TC_New_Guest_3(newGuestJoin.java:42)
Caused by: org.openqa.selenium.NoSuchElementException: Cannot locate an element using By.xpath: //div[contains(text(),'Join Event')]
For documentation on this error, please visit: http://seleniumhq.org/exceptions/no_such_element.html
Build info: version: '3.12.0', revision: '7c6e0b3', time: '2018-05-08T14:04:26.12Z'
System info: host: 'LAPTOP-5CL0AGDB', ip: '192.168.1.10', os.name: 'Windows 10', os.arch: 'amd64', os.version: '10.0', java.version: '1.8.0_261'
Driver info: driver.version: unknown
	at org.openqa.selenium.support.ui.ExpectedConditions.lambda$findElement$0(ExpectedConditions.java:896)
	at java.util.Optional.orElseThrow(Unknown Source)
	at org.openqa.selenium.support.ui.ExpectedConditions.findElement(ExpectedConditions.java:895)
	at org.openqa.selenium.support.ui.ExpectedConditions.access$000(ExpectedConditions.java:44)
	at org.openqa.selenium.support.ui.ExpectedConditions$7.apply(ExpectedConditions.java:206)
	at org.openqa.selenium.support.ui.ExpectedConditions$7.apply(ExpectedConditions.java:202)
	at org.openqa.selenium.support.ui.FluentWait.until(FluentWait.java:248)
	... 28 more
... Removed 25 stack frames]]>
    </failure>
  </testcase> <!-- TC_New_Guest_3 -->
  <testcase name="TC_Existing_Guest_1" time="0.064" classname="smokeTesting.newGuestJoin"/>
</testsuite> <!-- New Host, Checking Be a Host, Createnew event and Newhost Onboarding steps -->
