<?xml version="1.0" encoding="UTF-8"?>
<!-- Generated by org.testng.reporters.JUnitXMLReporter -->
<testsuite ignored="0" hostname="LAPTOP-5CL0AGDB" failures="1" tests="4" name="Join Event as New Guest while the presenation is happening" time="417.816" errors="0" timestamp="23 May 2022 05:00:40 GMT">
  <testcase classname="smokeTesting.NewGuestJoin" name="TC_NewGuestJoin_1" time="17.568"/>
  <testcase classname="smokeTesting.NewGuestJoin" name="TC_NewGuestJoin_2" time="337.842"/>
  <testcase classname="smokeTesting.NewGuestJoin" name="TC_NewGuestJoin_3" time="61.647">
    <failure type="org.openqa.selenium.TimeoutException" message="Expected condition failed: waiting for visibility of element located by By.xpath: //div[contains(text(),&amp;apos;Join Event&amp;apos;)] (tried for 15 second(s) with 500 milliseconds interval)">
      <![CDATA[org.openqa.selenium.TimeoutException: Expected condition failed: waiting for visibility of element located by By.xpath: //div[contains(text(),'Join Event')] (tried for 15 second(s) with 500 milliseconds interval)
	at org.openqa.selenium.support.ui.WebDriverWait.timeoutException(WebDriverWait.java:81)
	at org.openqa.selenium.support.ui.FluentWait.until(FluentWait.java:271)
	at accelerators.Actiondrivers.waitForVisibilityOfElement(Actiondrivers.java:255)
	at remoFunctions.onboarding.micaAndCam(onboarding.java:30)
	at smokeTesting.NewGuestJoin.TC_NewGuestJoin_3(NewGuestJoin.java:38)
Caused by: org.openqa.selenium.NoSuchElementException: Cannot locate an element using By.xpath: //div[contains(text(),'Join Event')]
For documentation on this error, please visit: http://seleniumhq.org/exceptions/no_such_element.html
Build info: version: '3.12.0', revision: '7c6e0b3', time: '2018-05-08T14:04:26.12Z'
System info: host: 'LAPTOP-5CL0AGDB', ip: '192.168.1.8', os.name: 'Windows 11', os.arch: 'amd64', os.version: '10.0', java.version: '11.0.15'
Driver info: driver.version: unknown
	at org.openqa.selenium.support.ui.ExpectedConditions.lambda$findElement$0(ExpectedConditions.java:896)
	at java.base/java.util.Optional.orElseThrow(Optional.java:408)
	at org.openqa.selenium.support.ui.ExpectedConditions.findElement(ExpectedConditions.java:895)
	at org.openqa.selenium.support.ui.ExpectedConditions.access$000(ExpectedConditions.java:44)
	at org.openqa.selenium.support.ui.ExpectedConditions$7.apply(ExpectedConditions.java:206)
	at org.openqa.selenium.support.ui.ExpectedConditions$7.apply(ExpectedConditions.java:202)
	at org.openqa.selenium.support.ui.FluentWait.until(FluentWait.java:248)
	... 28 more
... Removed 25 stack frames]]>
    </failure>
  </testcase> <!-- TC_NewGuestJoin_3 -->
  <testcase classname="smokeTesting.NewGuestJoin" name="TC_NewGuestJoin_4" time="0.593"/>
</testsuite> <!-- Join Event as New Guest while the presenation is happening -->
