<?xml version="1.0" encoding="UTF-8"?>
<testng-results ignored="0" total="4" passed="3" failed="1" skipped="0">
  <reporter-output>
  </reporter-output>
  <suite started-at="2022-05-23T04:53:42Z" name="Remo Virtual Networking" finished-at="2022-05-23T05:00:40Z" duration-ms="417816">
    <groups>
    </groups>
    <test started-at="2022-05-23T04:53:42Z" name="Join Event as New Guest while the presenation is happening" finished-at="2022-05-23T05:00:40Z" duration-ms="417816">
      <class name="smokeTesting.NewGuestJoin">
        <test-method is-config="true" signature="setupSuite()[pri:0, instance:smokeTesting.NewGuestJoin@acdb094]" started-at="2022-05-23T10:23:08Z" name="setupSuite" finished-at="2022-05-23T10:23:42Z" duration-ms="33471" status="PASS">
          <reporter-output>
          </reporter-output>
        </test-method> <!-- setupSuite -->
        <test-method signature="TC_NewGuestJoin_1()[pri:1, instance:smokeTesting.NewGuestJoin@acdb094]" started-at="2022-05-23T10:23:42Z" name="TC_NewGuestJoin_1" finished-at="2022-05-23T10:23:59Z" duration-ms="17568" status="PASS">
          <reporter-output>
          </reporter-output>
        </test-method> <!-- TC_NewGuestJoin_1 -->
        <test-method signature="TC_NewGuestJoin_2()[pri:2, instance:smokeTesting.NewGuestJoin@acdb094]" started-at="2022-05-23T10:23:59Z" name="TC_NewGuestJoin_2" finished-at="2022-05-23T10:29:37Z" duration-ms="337842" status="PASS">
          <reporter-output>
          </reporter-output>
        </test-method> <!-- TC_NewGuestJoin_2 -->
        <test-method signature="TC_NewGuestJoin_3()[pri:3, instance:smokeTesting.NewGuestJoin@acdb094]" started-at="2022-05-23T10:29:37Z" name="TC_NewGuestJoin_3" finished-at="2022-05-23T10:30:39Z" duration-ms="61647" status="FAIL">
          <exception class="org.openqa.selenium.TimeoutException">
            <message>
              <![CDATA[Expected condition failed: waiting for visibility of element located by By.xpath: //div[contains(text(),'Join Event')] (tried for 15 second(s) with 500 milliseconds interval)]]>
            </message>
            <full-stacktrace>
              <![CDATA[org.openqa.selenium.TimeoutException: Expected condition failed: waiting for visibility of element located by By.xpath: //div[contains(text(),'Join Event')] (tried for 15 second(s) with 500 milliseconds interval)
	at org.openqa.selenium.support.ui.WebDriverWait.timeoutException(WebDriverWait.java:81)
	at org.openqa.selenium.support.ui.FluentWait.until(FluentWait.java:271)
	at accelerators.Actiondrivers.waitForVisibilityOfElement(Actiondrivers.java:255)
	at remoFunctions.onboarding.micaAndCam(onboarding.java:30)
	at smokeTesting.NewGuestJoin.TC_NewGuestJoin_3(NewGuestJoin.java:38)
	at java.base/jdk.internal.reflect.NativeMethodAccessorImpl.invoke0(Native Method)
	at java.base/jdk.internal.reflect.NativeMethodAccessorImpl.invoke(NativeMethodAccessorImpl.java:62)
	at java.base/jdk.internal.reflect.DelegatingMethodAccessorImpl.invoke(DelegatingMethodAccessorImpl.java:43)
	at java.base/java.lang.reflect.Method.invoke(Method.java:566)
	at org.testng.internal.MethodInvocationHelper.invokeMethod(MethodInvocationHelper.java:104)
	at org.testng.internal.Invoker.invokeMethod(Invoker.java:645)
	at org.testng.internal.Invoker.invokeTestMethod(Invoker.java:851)
	at org.testng.internal.Invoker.invokeTestMethods(Invoker.java:1177)
	at org.testng.internal.TestMethodWorker.invokeTestMethods(TestMethodWorker.java:129)
	at org.testng.internal.TestMethodWorker.run(TestMethodWorker.java:112)
	at org.testng.TestRunner.privateRun(TestRunner.java:756)
	at org.testng.TestRunner.run(TestRunner.java:610)
	at org.testng.SuiteRunner.runTest(SuiteRunner.java:387)
	at org.testng.SuiteRunner.runSequentially(SuiteRunner.java:382)
	at org.testng.SuiteRunner.privateRun(SuiteRunner.java:340)
	at org.testng.SuiteRunner.run(SuiteRunner.java:289)
	at org.testng.SuiteRunnerWorker.runSuite(SuiteRunnerWorker.java:52)
	at org.testng.SuiteRunnerWorker.run(SuiteRunnerWorker.java:86)
	at org.testng.TestNG.runSuitesSequentially(TestNG.java:1293)
	at org.testng.TestNG.runSuitesLocally(TestNG.java:1218)
	at org.testng.TestNG.runSuites(TestNG.java:1133)
	at org.testng.TestNG.run(TestNG.java:1104)
	at org.testng.remote.AbstractRemoteTestNG.run(AbstractRemoteTestNG.java:115)
	at org.testng.remote.RemoteTestNG.initAndRun(RemoteTestNG.java:251)
	at org.testng.remote.RemoteTestNG.main(RemoteTestNG.java:77)
Caused by: org.openqa.selenium.NoSuchElementException: Cannot locate an element using By.xpath: //div[contains(text(),'Join Event')]
For documentation on this error, please visit: http://seleniumhq.org/exceptions/no_such_element.html
Build info: version: '3.12.0', revision: '7c6e0b3', time: '2018-05-08T14:04:26.12Z'
System info: host: 'LAPTOP-5CL0AGDB', ip: '192.168.1.8', os.name: 'Windows 11', os.arch: 'amd64', os.version: '10.0', java.version: '11.0.15'
Driver info: driver.version: unknown
	at org.openqa.selenium.support.ui.ExpectedConditions.lambda$findElement$0(ExpectedConditions.java:896)
	at java.base/java.util.Optional.orElseThrow(Optional.java:408)
	at org.openqa.selenium.support.ui.ExpectedConditions.findElement(ExpectedConditions.java:895)
	at org.openqa.selenium.support.ui.ExpectedConditions.access$000(ExpectedConditions.java:44)
	at org.openqa.selenium.support.ui.ExpectedConditions$7.apply(ExpectedConditions.java:206)
	at org.openqa.selenium.support.ui.ExpectedConditions$7.apply(ExpectedConditions.java:202)
	at org.openqa.selenium.support.ui.FluentWait.until(FluentWait.java:248)
	... 28 more
]]>
            </full-stacktrace>
          </exception> <!-- org.openqa.selenium.TimeoutException -->
          <reporter-output>
          </reporter-output>
        </test-method> <!-- TC_NewGuestJoin_3 -->
        <test-method signature="TC_NewGuestJoin_4()[pri:4, instance:smokeTesting.NewGuestJoin@acdb094]" started-at="2022-05-23T10:30:39Z" name="TC_NewGuestJoin_4" finished-at="2022-05-23T10:30:40Z" duration-ms="593" status="PASS">
          <reporter-output>
          </reporter-output>
        </test-method> <!-- TC_NewGuestJoin_4 -->
        <test-method is-config="true" signature="tearDown(org.testng.ITestContext)[pri:0, instance:smokeTesting.NewGuestJoin@acdb094]" started-at="2022-05-23T10:30:40Z" name="tearDown" finished-at="2022-05-23T10:30:40Z" duration-ms="2" status="PASS">
          <params>
            <param index="0">
              <value>
                <![CDATA[org.testng.TestRunner@7ab1127c]]>
              </value>
            </param>
          </params>
          <reporter-output>
          </reporter-output>
        </test-method> <!-- tearDown -->
      </class> <!-- smokeTesting.NewGuestJoin -->
    </test> <!-- Join Event as New Guest while the presenation is happening -->
  </suite> <!-- Remo Virtual Networking -->
</testng-results>
