<?xml version="1.0" encoding="UTF-8"?>
<!-- Generated by org.testng.reporters.JUnitReportReporter -->
<testsuite name="HappyPathTesting.newUsers" tests="5" time="0.000" ignored="0" failures="0" timestamp="28 Feb 2021 12:08:01 GMT" skipped="4" hostname="LAPTOP-5CL0AGDB" errors="1">
  <testcase name="setupSuite" time="0.000" classname="HappyPathTesting.newUsers">
    <error type="org.openqa.selenium.WebDriverException" message="unknown error: cannot find Chrome binary
Build info: version: &#039;3.12.0&#039;, revision: &#039;7c6e0b3&#039;, time: &#039;2018-05-08T14:04:26.12Z&#039;
System info: host: &#039;LAPTOP-5CL0AGDB&#039;, ip: &#039;192.168.1.12&#039;, os.name: &#039;Windows 10&#039;, os.arch: &#039;amd64&#039;, os.version: &#039;10.0&#039;, java.version: &#039;1.8.0_261&#039;
Driver info: driver.version: ChromeDriver
remote stacktrace: Backtrace:
	Ordinal0 [0x00937DF3+1474035]
	Ordinal0 [0x008B07D1+919505]
	Ordinal0 [0x0084CB43+510787]
	Ordinal0 [0x007DDDE9+56809]
	Ordinal0 [0x00800CE4+199908]
	Ordinal0 [0x0080069D+198301]
	Ordinal0 [0x007FEECB+192203]
	Ordinal0 [0x007E5FF6+90102]
	Ordinal0 [0x007E765A+95834]
	Ordinal0 [0x007E7554+95572]
	GetHandleVerifier [0x00A9231C+1249612]
	GetHandleVerifier [0x009E1575+525221]
	GetHandleVerifier [0x009E1310+524608]
	Ordinal0 [0x00945D28+1531176]
	GetHandleVerifier [0x009E1D4A+527226]
	Ordinal0 [0x008C75F6+1013238]
	Ordinal0 [0x008C746F+1012847]
	Ordinal0 [0x008D365B+1062491]
	Ordinal0 [0x008D379F+1062815]
	Ordinal0 [0x008D2745+1058629]
	BaseThreadInitThunk [0x75106359+25]
	RtlGetAppContainerNamedObjectPath [0x77608944+228]
	RtlGetAppContainerNamedObjectPath [0x77608914+180]
">
      <![CDATA[org.openqa.selenium.WebDriverException: unknown error: cannot find Chrome binary
Build info: version: '3.12.0', revision: '7c6e0b3', time: '2018-05-08T14:04:26.12Z'
System info: host: 'LAPTOP-5CL0AGDB', ip: '192.168.1.12', os.name: 'Windows 10', os.arch: 'amd64', os.version: '10.0', java.version: '1.8.0_261'
Driver info: driver.version: ChromeDriver
remote stacktrace: Backtrace:
	Ordinal0 [0x00937DF3+1474035]
	Ordinal0 [0x008B07D1+919505]
	Ordinal0 [0x0084CB43+510787]
	Ordinal0 [0x007DDDE9+56809]
	Ordinal0 [0x00800CE4+199908]
	Ordinal0 [0x0080069D+198301]
	Ordinal0 [0x007FEECB+192203]
	Ordinal0 [0x007E5FF6+90102]
	Ordinal0 [0x007E765A+95834]
	Ordinal0 [0x007E7554+95572]
	GetHandleVerifier [0x00A9231C+1249612]
	GetHandleVerifier [0x009E1575+525221]
	GetHandleVerifier [0x009E1310+524608]
	Ordinal0 [0x00945D28+1531176]
	GetHandleVerifier [0x009E1D4A+527226]
	Ordinal0 [0x008C75F6+1013238]
	Ordinal0 [0x008C746F+1012847]
	Ordinal0 [0x008D365B+1062491]
	Ordinal0 [0x008D379F+1062815]
	Ordinal0 [0x008D2745+1058629]
	BaseThreadInitThunk [0x75106359+25]
	RtlGetAppContainerNamedObjectPath [0x77608944+228]
	RtlGetAppContainerNamedObjectPath [0x77608914+180]

	at sun.reflect.NativeConstructorAccessorImpl.newInstance0(Native Method)
	at sun.reflect.NativeConstructorAccessorImpl.newInstance(Unknown Source)
	at sun.reflect.DelegatingConstructorAccessorImpl.newInstance(Unknown Source)
	at java.lang.reflect.Constructor.newInstance(Unknown Source)
	at org.openqa.selenium.remote.W3CHandshakeResponse.lambda$new$0(W3CHandshakeResponse.java:57)
	at org.openqa.selenium.remote.W3CHandshakeResponse.lambda$getResponseFunction$2(W3CHandshakeResponse.java:104)
	at org.openqa.selenium.remote.ProtocolHandshake.lambda$createSession$0(ProtocolHandshake.java:123)
	at java.util.stream.ReferencePipeline$3$1.accept(Unknown Source)
	at java.util.Spliterators$ArraySpliterator.tryAdvance(Unknown Source)
	at java.util.stream.ReferencePipeline.forEachWithCancel(Unknown Source)
	at java.util.stream.AbstractPipeline.copyIntoWithCancel(Unknown Source)
	at java.util.stream.AbstractPipeline.copyInto(Unknown Source)
	at java.util.stream.AbstractPipeline.wrapAndCopyInto(Unknown Source)
	at java.util.stream.FindOps$FindOp.evaluateSequential(Unknown Source)
	at java.util.stream.AbstractPipeline.evaluate(Unknown Source)
	at java.util.stream.ReferencePipeline.findFirst(Unknown Source)
	at org.openqa.selenium.remote.ProtocolHandshake.createSession(ProtocolHandshake.java:126)
	at org.openqa.selenium.remote.ProtocolHandshake.createSession(ProtocolHandshake.java:73)
	at org.openqa.selenium.remote.HttpCommandExecutor.execute(HttpCommandExecutor.java:136)
	at org.openqa.selenium.remote.service.DriverCommandExecutor.execute(DriverCommandExecutor.java:83)
	at org.openqa.selenium.remote.RemoteWebDriver.execute(RemoteWebDriver.java:543)
	at org.openqa.selenium.remote.RemoteWebDriver.startSession(RemoteWebDriver.java:207)
	at org.openqa.selenium.remote.RemoteWebDriver.<init>(RemoteWebDriver.java:130)
	at org.openqa.selenium.chrome.ChromeDriver.<init>(ChromeDriver.java:181)
	at org.openqa.selenium.chrome.ChromeDriver.<init>(ChromeDriver.java:168)
	at org.openqa.selenium.chrome.ChromeDriver.<init>(ChromeDriver.java:157)
	at accelerators.Base.setupSuite(Base.java:66)
	at sun.reflect.NativeMethodAccessorImpl.invoke0(Native Method)
	at sun.reflect.NativeMethodAccessorImpl.invoke(Unknown Source)
	at sun.reflect.DelegatingMethodAccessorImpl.invoke(Unknown Source)
	at java.lang.reflect.Method.invoke(Unknown Source)
	at org.testng.internal.MethodInvocationHelper.invokeMethod(MethodInvocationHelper.java:104)
	at org.testng.internal.Invoker.invokeConfigurationMethod(Invoker.java:515)
	at org.testng.internal.Invoker.invokeConfigurations(Invoker.java:217)
	at org.testng.internal.Invoker.invokeConfigurations(Invoker.java:144)
	at org.testng.SuiteRunner.privateRun(SuiteRunner.java:326)
	at org.testng.SuiteRunner.run(SuiteRunner.java:289)
	at org.testng.SuiteRunnerWorker.runSuite(SuiteRunnerWorker.java:52)
	at org.testng.SuiteRunnerWorker.run(SuiteRunnerWorker.java:86)
	at org.testng.TestNG.runSuitesSequentially(TestNG.java:1293)
	at org.testng.TestNG.runSuitesLocally(TestNG.java:1218)
	at org.testng.TestNG.runSuites(TestNG.java:1133)
	at org.testng.TestNG.run(TestNG.java:1104)
	at org.testng.remote.AbstractRemoteTestNG.run(AbstractRemoteTestNG.java:115)
	at org.testng.remote.RemoteTestNG.initAndRun(RemoteTestNG.java:251)
	at org.testng.remote.RemoteTestNG.main(RemoteTestNG.java:77)
]]>
    </error>
  </testcase> <!-- setupSuite -->
  <testcase name="TC_NU_1" time="0.000" classname="HappyPathTesting.newUsers">
    <skipped/>
  </testcase> <!-- TC_NU_1 -->
  <testcase name="TC_NU_3" time="0.000" classname="HappyPathTesting.newUsers">
    <skipped/>
  </testcase> <!-- TC_NU_3 -->
  <testcase name="TC_NU_4" time="0.000" classname="HappyPathTesting.newUsers">
    <skipped/>
  </testcase> <!-- TC_NU_4 -->
  <testcase name="TC_NU_2" time="0.000" classname="HappyPathTesting.newUsers">
    <skipped/>
  </testcase> <!-- TC_NU_2 -->
</testsuite> <!-- HappyPathTesting.newUsers -->
